<?xml version="1.0" encoding="UTF-8"?>
<testng-results skipped="0" failed="0" ignored="0" total="1" passed="1">
  <reporter-output>
  </reporter-output>
  <suite name="Default suite" duration-ms="828" started-at="2018-06-01T15:49:36Z" finished-at="2018-06-01T15:49:37Z">
    <groups>
    </groups>
    <test name="Default test" duration-ms="828" started-at="2018-06-01T15:49:36Z" finished-at="2018-06-01T15:49:37Z">
      <class name="com.testlink.tests.ConnectTest2">
        <test-method status="PASS" signature="testConnect()[pri:0, instance:com.testlink.tests.ConnectTest2@724af044]" name="testConnect" duration-ms="807" started-at="2018-06-01T15:49:36Z" finished-at="2018-06-01T15:49:37Z">
          <reporter-output>
          </reporter-output>
        </test-method> <!-- testConnect -->
      </class> <!-- com.testlink.tests.ConnectTest2 -->
    </test> <!-- Default test -->
  </suite> <!-- Default suite -->
</testng-results>
